<?xml version="1.0" encoding="UTF-8"?>
<testsuite name="tests.AddContactTests" tests="20" skipped="0" failures="0" errors="0" timestamp="2023-01-29T00:25:32" hostname="MBP-Irina" time="22.399">
  <properties/>
  <testcase name="addNewContactSuccessCSV[0](Contact(name=Mona, lastName=Dow, phone=null, email=null, address=Hifa, description=friend))" classname="tests.AddContactTests" time="1.46"/>
  <testcase name="addNewContactSuccessCSV[1](Contact(name=John, lastName=Wick, phone=null, email=null, address=Rehovot,Israel, description=friend))" classname="tests.AddContactTests" time="0.954"/>
  <testcase name="addNewContactSuccessCSV[2](Contact(name=Mona, lastName=Dow, phone=null, email=null, address=Hifa, description=friend))" classname="tests.AddContactTests" time="0.927"/>
  <testcase name="addNewContactSuccessCSV[3](Contact(name=John, lastName=Wick, phone=null, email=null, address=Rehovot,Israel, description=friend))" classname="tests.AddContactTests" time="0.953"/>
  <testcase name="addNewContactSuccessCSV[4](Contact(name=Mona, lastName=Dow, phone=null, email=null, address=Hifa, description=friend))" classname="tests.AddContactTests" time="0.919"/>
  <testcase name="addNewContactSuccessCSV[5](Contact(name=John, lastName=Wick, phone=null, email=null, address=Rehovot,Israel, description=friend))" classname="tests.AddContactTests" time="0.977"/>
  <testcase name="addNewContactSuccessCSV[6](Contact(name=Mona, lastName=Dow, phone=null, email=null, address=Hifa, description=friend))" classname="tests.AddContactTests" time="1.076"/>
  <testcase name="addNewContactSuccessCSV[7](Contact(name=John, lastName=Wick, phone=null, email=null, address=Rehovot,Israel, description=friend))" classname="tests.AddContactTests" time="1.044"/>
  <testcase name="addNewContactSuccessCSV[8](Contact(name=Mona, lastName=Dow, phone=null, email=null, address=Hifa, description=friend))" classname="tests.AddContactTests" time="1.079"/>
  <testcase name="addNewContactSuccessCSV[9](Contact(name=John, lastName=Wick, phone=null, email=null, address=Rehovot,Israel, description=friend))" classname="tests.AddContactTests" time="1.179"/>
  <testcase name="addNewContactSuccessCSV[10](Contact(name=Mona, lastName=Dow, phone=null, email=null, address=Hifa, description=friend))" classname="tests.AddContactTests" time="1.089"/>
  <testcase name="addNewContactSuccessCSV[11](Contact(name=John, lastName=Wick, phone=null, email=null, address=Rehovot,Israel, description=friend))" classname="tests.AddContactTests" time="1.139"/>
  <testcase name="addNewContactSuccessCSV[12](Contact(name=Mona, lastName=Dow, phone=null, email=null, address=Hifa, description=friend))" classname="tests.AddContactTests" time="1.077"/>
  <testcase name="addNewContactSuccessCSV[13](Contact(name=John, lastName=Wick, phone=null, email=null, address=Rehovot,Israel, description=friend))" classname="tests.AddContactTests" time="1.119"/>
  <testcase name="addNewContactSuccessCSV[14](Contact(name=Mona, lastName=Dow, phone=null, email=null, address=Hifa, description=friend))" classname="tests.AddContactTests" time="1.116"/>
  <testcase name="addNewContactSuccessCSV[15](Contact(name=John, lastName=Wick, phone=null, email=null, address=Rehovot,Israel, description=friend))" classname="tests.AddContactTests" time="1.182"/>
  <testcase name="addNewContactSuccessCSV[16](Contact(name=Mona, lastName=Dow, phone=null, email=null, address=Hifa, description=friend))" classname="tests.AddContactTests" time="1.191"/>
  <testcase name="addNewContactSuccessCSV[17](Contact(name=John, lastName=Wick, phone=null, email=null, address=Rehovot,Israel, description=friend))" classname="tests.AddContactTests" time="1.227"/>
  <testcase name="addNewContactSuccessCSV[18](Contact(name=Mona, lastName=Dow, phone=null, email=null, address=Hifa, description=friend))" classname="tests.AddContactTests" time="1.232"/>
  <testcase name="addNewContactSuccessCSV[19](Contact(name=John, lastName=Wick, phone=null, email=null, address=Rehovot,Israel, description=friend))" classname="tests.AddContactTests" time="1.248"/>
  <system-out><![CDATA[19:25:27.454  INFO  tests.TestBase - Start test--->addNewContactSuccessCSV
19:25:27.456  INFO  manager.MyListener - 'Start find ' element -->By.xpath: //button[text()='Sign Out']
19:25:32.502  INFO  manager.MyListener - 'The element with locator -->By.xpath: //button[text()='Sign Out'] <-- was found
19:25:32.502  INFO  manager.MyListener - 'Start find ' element -->By.cssSelector: a[href='/login']
19:25:32.515  INFO  manager.MyListener - 'The element with locator -->By.cssSelector: a[href='/login'] <-- was found
19:25:32.575  INFO  manager.MyListener - 'Start find ' element -->By.xpath: (//input[@placeholder='Email'])[1]
19:25:32.588  INFO  manager.MyListener - 'The element with locator -->By.xpath: (//input[@placeholder='Email'])[1] <-- was found
19:25:32.780  INFO  manager.MyListener - 'Start find ' element -->By.xpath: (//input[@placeholder='Password'])[1]
19:25:32.792  INFO  manager.MyListener - 'The element with locator -->By.xpath: (//input[@placeholder='Password'])[1] <-- was found
19:25:32.876  INFO  manager.MyListener - 'Start find ' element -->By.cssSelector: button[name='login']
19:25:32.889  INFO  manager.MyListener - 'The element with locator -->By.cssSelector: button[name='login'] <-- was found
19:25:32.979  INFO  manager.MyListener - 'Start find ' element -->By.cssSelector: a[href='/add']
19:25:33.428  INFO  manager.MyListener - 'The element with locator -->By.cssSelector: a[href='/add'] <-- was found
19:25:33.460  INFO  manager.MyListener - 'Start find ' element -->By.xpath: //input[@placeholder='Name']
19:25:33.475  INFO  manager.MyListener - 'The element with locator -->By.xpath: //input[@placeholder='Name'] <-- was found
19:25:33.589  INFO  manager.MyListener - 'Start find ' element -->By.xpath: //input[@placeholder='Last Name']
19:25:33.601  INFO  manager.MyListener - 'The element with locator -->By.xpath: //input[@placeholder='Last Name'] <-- was found
19:25:33.677  INFO  manager.MyListener - 'Start find ' element -->By.xpath: //input[@placeholder='Phone']
19:25:33.690  INFO  manager.MyListener - 'The element with locator -->By.xpath: //input[@placeholder='Phone'] <-- was found
19:25:33.775  INFO  manager.MyListener - 'Start find ' element -->By.xpath: //input[@placeholder='email']
19:25:33.787  INFO  manager.MyListener - 'The element with locator -->By.xpath: //input[@placeholder='email'] <-- was found
19:25:33.877  INFO  manager.MyListener - 'Start find ' element -->By.xpath: //input[@placeholder='Address']
19:25:33.890  INFO  manager.MyListener - 'The element with locator -->By.xpath: //input[@placeholder='Address'] <-- was found
19:25:33.968  INFO  manager.MyListener - 'Start find ' element -->By.xpath: //input[@placeholder='description']
19:25:33.980  INFO  manager.MyListener - 'The element with locator -->By.xpath: //input[@placeholder='description'] <-- was found
19:25:34.063  INFO  manager.MyListener - 'Start find ' element -->By.xpath: //b[text()='Save']
19:25:34.074  INFO  manager.MyListener - 'The element with locator -->By.xpath: //b[text()='Save'] <-- was found
19:25:34.105  INFO  manager.MyListener - 'Start find ' element -->By.cssSelector: h2
19:25:34.307  INFO  manager.MyListener - 'The element with locator -->By.cssSelector: h2 <-- was found
19:25:34.355  INFO  manager.MyListener - 'Start find ' element -->By.cssSelector: h3
19:25:34.367  INFO  manager.MyListener - 'The element with locator -->By.cssSelector: h3 <-- was found
19:25:34.417  INFO  tests.TestBase - Start test--->addNewContactSuccessCSV
19:25:34.418  INFO  manager.MyListener - 'Start find ' element -->By.xpath: //button[text()='Sign Out']
19:25:34.427  INFO  manager.MyListener - 'The element with locator -->By.xpath: //button[text()='Sign Out'] <-- was found
19:25:34.427  INFO  manager.MyListener - 'Start find ' element -->By.cssSelector: a[href='/add']
19:25:34.435  INFO  manager.MyListener - 'The element with locator -->By.cssSelector: a[href='/add'] <-- was found
19:25:34.459  INFO  manager.MyListener - 'Start find ' element -->By.xpath: //input[@placeholder='Name']
19:25:34.503  INFO  manager.MyListener - 'The element with locator -->By.xpath: //input[@placeholder='Name'] <-- was found
19:25:34.608  INFO  manager.MyListener - 'Start find ' element -->By.xpath: //input[@placeholder='Last Name']
19:25:34.616  INFO  manager.MyListener - 'The element with locator -->By.xpath: //input[@placeholder='Last Name'] <-- was found
19:25:34.694  INFO  manager.MyListener - 'Start find ' element -->By.xpath: //input[@placeholder='Phone']
19:25:34.702  INFO  manager.MyListener - 'The element with locator -->By.xpath: //input[@placeholder='Phone'] <-- was found
19:25:34.786  INFO  manager.MyListener - 'Start find ' element -->By.xpath: //input[@placeholder='email']
19:25:34.794  INFO  manager.MyListener - 'The element with locator -->By.xpath: //input[@placeholder='email'] <-- was found
19:25:34.891  INFO  manager.MyListener - 'Start find ' element -->By.xpath: //input[@placeholder='Address']
19:25:34.898  INFO  manager.MyListener - 'The element with locator -->By.xpath: //input[@placeholder='Address'] <-- was found
19:25:34.983  INFO  manager.MyListener - 'Start find ' element -->By.xpath: //input[@placeholder='description']
19:25:34.991  INFO  manager.MyListener - 'The element with locator -->By.xpath: //input[@placeholder='description'] <-- was found
19:25:35.070  INFO  manager.MyListener - 'Start find ' element -->By.xpath: //b[text()='Save']
19:25:35.084  INFO  manager.MyListener - 'The element with locator -->By.xpath: //b[text()='Save'] <-- was found
19:25:35.113  INFO  manager.MyListener - 'Start find ' element -->By.cssSelector: h2
19:25:35.254  INFO  manager.MyListener - 'The element with locator -->By.cssSelector: h2 <-- was found
19:25:35.314  INFO  manager.MyListener - 'Start find ' element -->By.cssSelector: h3
19:25:35.322  INFO  manager.MyListener - 'The element with locator -->By.cssSelector: h3 <-- was found
19:25:35.382  INFO  tests.TestBase - Start test--->addNewContactSuccessCSV
19:25:35.394  INFO  manager.MyListener - 'Start find ' element -->By.xpath: //button[text()='Sign Out']
19:25:35.402  INFO  manager.MyListener - 'The element with locator -->By.xpath: //button[text()='Sign Out'] <-- was found
19:25:35.415  INFO  manager.MyListener - 'Start find ' element -->By.cssSelector: a[href='/add']
19:25:35.422  INFO  manager.MyListener - 'The element with locator -->By.cssSelector: a[href='/add'] <-- was found
19:25:35.444  INFO  manager.MyListener - 'Start find ' element -->By.xpath: //input[@placeholder='Name']
19:25:35.453  INFO  manager.MyListener - 'The element with locator -->By.xpath: //input[@placeholder='Name'] <-- was found
19:25:35.564  INFO  manager.MyListener - 'Start find ' element -->By.xpath: //input[@placeholder='Last Name']
19:25:35.573  INFO  manager.MyListener - 'The element with locator -->By.xpath: //input[@placeholder='Last Name'] <-- was found
19:25:35.649  INFO  manager.MyListener - 'Start find ' element -->By.xpath: //input[@placeholder='Phone']
19:25:35.659  INFO  manager.MyListener - 'The element with locator -->By.xpath: //input[@placeholder='Phone'] <-- was found
19:25:35.764  INFO  manager.MyListener - 'Start find ' element -->By.xpath: //input[@placeholder='email']
19:25:35.773  INFO  manager.MyListener - 'The element with locator -->By.xpath: //input[@placeholder='email'] <-- was found
19:25:35.860  INFO  manager.MyListener - 'Start find ' element -->By.xpath: //input[@placeholder='Address']
19:25:35.868  INFO  manager.MyListener - 'The element with locator -->By.xpath: //input[@placeholder='Address'] <-- was found
19:25:35.953  INFO  manager.MyListener - 'Start find ' element -->By.xpath: //input[@placeholder='description']
19:25:35.961  INFO  manager.MyListener - 'The element with locator -->By.xpath: //input[@placeholder='description'] <-- was found
19:25:36.039  INFO  manager.MyListener - 'Start find ' element -->By.xpath: //b[text()='Save']
19:25:36.046  INFO  manager.MyListener - 'The element with locator -->By.xpath: //b[text()='Save'] <-- was found
19:25:36.076  INFO  manager.MyListener - 'Start find ' element -->By.cssSelector: h2
19:25:36.221  INFO  manager.MyListener - 'The element with locator -->By.cssSelector: h2 <-- was found
19:25:36.266  INFO  manager.MyListener - 'Start find ' element -->By.cssSelector: h3
19:25:36.273  INFO  manager.MyListener - 'The element with locator -->By.cssSelector: h3 <-- was found
19:25:36.343  INFO  tests.TestBase - Start test--->addNewContactSuccessCSV
19:25:36.344  INFO  manager.MyListener - 'Start find ' element -->By.xpath: //button[text()='Sign Out']
19:25:36.351  INFO  manager.MyListener - 'The element with locator -->By.xpath: //button[text()='Sign Out'] <-- was found
19:25:36.351  INFO  manager.MyListener - 'Start find ' element -->By.cssSelector: a[href='/add']
19:25:36.358  INFO  manager.MyListener - 'The element with locator -->By.cssSelector: a[href='/add'] <-- was found
19:25:36.378  INFO  manager.MyListener - 'Start find ' element -->By.xpath: //input[@placeholder='Name']
19:25:36.393  INFO  manager.MyListener - 'The element with locator -->By.xpath: //input[@placeholder='Name'] <-- was found
19:25:36.501  INFO  manager.MyListener - 'Start find ' element -->By.xpath: //input[@placeholder='Last Name']
19:25:36.508  INFO  manager.MyListener - 'The element with locator -->By.xpath: //input[@placeholder='Last Name'] <-- was found
19:25:36.585  INFO  manager.MyListener - 'Start find ' element -->By.xpath: //input[@placeholder='Phone']
19:25:36.592  INFO  manager.MyListener - 'The element with locator -->By.xpath: //input[@placeholder='Phone'] <-- was found
19:25:36.683  INFO  manager.MyListener - 'Start find ' element -->By.xpath: //input[@placeholder='email']
19:25:36.691  INFO  manager.MyListener - 'The element with locator -->By.xpath: //input[@placeholder='email'] <-- was found
19:25:36.778  INFO  manager.MyListener - 'Start find ' element -->By.xpath: //input[@placeholder='Address']
19:25:36.785  INFO  manager.MyListener - 'The element with locator -->By.xpath: //input[@placeholder='Address'] <-- was found
19:25:36.869  INFO  manager.MyListener - 'Start find ' element -->By.xpath: //input[@placeholder='description']
19:25:36.877  INFO  manager.MyListener - 'The element with locator -->By.xpath: //input[@placeholder='description'] <-- was found
19:25:36.957  INFO  manager.MyListener - 'Start find ' element -->By.xpath: //b[text()='Save']
19:25:36.964  INFO  manager.MyListener - 'The element with locator -->By.xpath: //b[text()='Save'] <-- was found
19:25:36.993  INFO  manager.MyListener - 'Start find ' element -->By.cssSelector: h2
19:25:37.136  INFO  manager.MyListener - 'The element with locator -->By.cssSelector: h2 <-- was found
19:25:37.193  INFO  manager.MyListener - 'Start find ' element -->By.cssSelector: h3
19:25:37.200  INFO  manager.MyListener - 'The element with locator -->By.cssSelector: h3 <-- was found
19:25:37.305  INFO  tests.TestBase - Start test--->addNewContactSuccessCSV
19:25:37.306  INFO  manager.MyListener - 'Start find ' element -->By.xpath: //button[text()='Sign Out']
19:25:37.313  INFO  manager.MyListener - 'The element with locator -->By.xpath: //button[text()='Sign Out'] <-- was found
19:25:37.314  INFO  manager.MyListener - 'Start find ' element -->By.cssSelector: a[href='/add']
19:25:37.321  INFO  manager.MyListener - 'The element with locator -->By.cssSelector: a[href='/add'] <-- was found
19:25:37.341  INFO  manager.MyListener - 'Start find ' element -->By.xpath: //input[@placeholder='Name']
19:25:37.352  INFO  manager.MyListener - 'The element with locator -->By.xpath: //input[@placeholder='Name'] <-- was found
19:25:37.460  INFO  manager.MyListener - 'Start find ' element -->By.xpath: //input[@placeholder='Last Name']
19:25:37.467  INFO  manager.MyListener - 'The element with locator -->By.xpath: //input[@placeholder='Last Name'] <-- was found
19:25:37.543  INFO  manager.MyListener - 'Start find ' element -->By.xpath: //input[@placeholder='Phone']
19:25:37.551  INFO  manager.MyListener - 'The element with locator -->By.xpath: //input[@placeholder='Phone'] <-- was found
19:25:37.636  INFO  manager.MyListener - 'Start find ' element -->By.xpath: //input[@placeholder='email']
19:25:37.643  INFO  manager.MyListener - 'The element with locator -->By.xpath: //input[@placeholder='email'] <-- was found
19:25:37.730  INFO  manager.MyListener - 'Start find ' element -->By.xpath: //input[@placeholder='Address']
19:25:37.737  INFO  manager.MyListener - 'The element with locator -->By.xpath: //input[@placeholder='Address'] <-- was found
19:25:37.817  INFO  manager.MyListener - 'Start find ' element -->By.xpath: //input[@placeholder='description']
19:25:37.824  INFO  manager.MyListener - 'The element with locator -->By.xpath: //input[@placeholder='description'] <-- was found
19:25:37.906  INFO  manager.MyListener - 'Start find ' element -->By.xpath: //b[text()='Save']
19:25:37.913  INFO  manager.MyListener - 'The element with locator -->By.xpath: //b[text()='Save'] <-- was found
19:25:37.942  INFO  manager.MyListener - 'Start find ' element -->By.cssSelector: h2
19:25:38.087  INFO  manager.MyListener - 'The element with locator -->By.cssSelector: h2 <-- was found
19:25:38.132  INFO  manager.MyListener - 'Start find ' element -->By.cssSelector: h3
19:25:38.139  INFO  manager.MyListener - 'The element with locator -->By.cssSelector: h3 <-- was found
19:25:38.233  INFO  tests.TestBase - Start test--->addNewContactSuccessCSV
19:25:38.234  INFO  manager.MyListener - 'Start find ' element -->By.xpath: //button[text()='Sign Out']
19:25:38.241  INFO  manager.MyListener - 'The element with locator -->By.xpath: //button[text()='Sign Out'] <-- was found
19:25:38.241  INFO  manager.MyListener - 'Start find ' element -->By.cssSelector: a[href='/add']
19:25:38.248  INFO  manager.MyListener - 'The element with locator -->By.cssSelector: a[href='/add'] <-- was found
19:25:38.280  INFO  manager.MyListener - 'Start find ' element -->By.xpath: //input[@placeholder='Name']
19:25:38.288  INFO  manager.MyListener - 'The element with locator -->By.xpath: //input[@placeholder='Name'] <-- was found
19:25:38.401  INFO  manager.MyListener - 'Start find ' element -->By.xpath: //input[@placeholder='Last Name']
19:25:38.408  INFO  manager.MyListener - 'The element with locator -->By.xpath: //input[@placeholder='Last Name'] <-- was found
19:25:38.483  INFO  manager.MyListener - 'Start find ' element -->By.xpath: //input[@placeholder='Phone']
19:25:38.490  INFO  manager.MyListener - 'The element with locator -->By.xpath: //input[@placeholder='Phone'] <-- was found
19:25:38.575  INFO  manager.MyListener - 'Start find ' element -->By.xpath: //input[@placeholder='email']
19:25:38.583  INFO  manager.MyListener - 'The element with locator -->By.xpath: //input[@placeholder='email'] <-- was found
19:25:38.672  INFO  manager.MyListener - 'Start find ' element -->By.xpath: //input[@placeholder='Address']
19:25:38.680  INFO  manager.MyListener - 'The element with locator -->By.xpath: //input[@placeholder='Address'] <-- was found
19:25:38.765  INFO  manager.MyListener - 'Start find ' element -->By.xpath: //input[@placeholder='description']
19:25:38.773  INFO  manager.MyListener - 'The element with locator -->By.xpath: //input[@placeholder='description'] <-- was found
19:25:38.852  INFO  manager.MyListener - 'Start find ' element -->By.xpath: //b[text()='Save']
19:25:38.860  INFO  manager.MyListener - 'The element with locator -->By.xpath: //b[text()='Save'] <-- was found
19:25:38.889  INFO  manager.MyListener - 'Start find ' element -->By.cssSelector: h2
19:25:39.032  INFO  manager.MyListener - 'The element with locator -->By.cssSelector: h2 <-- was found
19:25:39.091  INFO  manager.MyListener - 'Start find ' element -->By.cssSelector: h3
19:25:39.098  INFO  manager.MyListener - 'The element with locator -->By.cssSelector: h3 <-- was found
19:25:39.219  INFO  tests.TestBase - Start test--->addNewContactSuccessCSV
19:25:39.219  INFO  manager.MyListener - 'Start find ' element -->By.xpath: //button[text()='Sign Out']
19:25:39.226  INFO  manager.MyListener - 'The element with locator -->By.xpath: //button[text()='Sign Out'] <-- was found
19:25:39.227  INFO  manager.MyListener - 'Start find ' element -->By.cssSelector: a[href='/add']
19:25:39.234  INFO  manager.MyListener - 'The element with locator -->By.cssSelector: a[href='/add'] <-- was found
19:25:39.253  INFO  manager.MyListener - 'Start find ' element -->By.xpath: //input[@placeholder='Name']
19:25:39.268  INFO  manager.MyListener - 'The element with locator -->By.xpath: //input[@placeholder='Name'] <-- was found
19:25:39.376  INFO  manager.MyListener - 'Start find ' element -->By.xpath: //input[@placeholder='Last Name']
19:25:39.383  INFO  manager.MyListener - 'The element with locator -->By.xpath: //input[@placeholder='Last Name'] <-- was found
19:25:39.459  INFO  manager.MyListener - 'Start find ' element -->By.xpath: //input[@placeholder='Phone']
19:25:39.466  INFO  manager.MyListener - 'The element with locator -->By.xpath: //input[@placeholder='Phone'] <-- was found
19:25:39.550  INFO  manager.MyListener - 'Start find ' element -->By.xpath: //input[@placeholder='email']
19:25:39.557  INFO  manager.MyListener - 'The element with locator -->By.xpath: //input[@placeholder='email'] <-- was found
19:25:39.644  INFO  manager.MyListener - 'Start find ' element -->By.xpath: //input[@placeholder='Address']
19:25:39.665  INFO  manager.MyListener - 'The element with locator -->By.xpath: //input[@placeholder='Address'] <-- was found
19:25:39.756  INFO  manager.MyListener - 'Start find ' element -->By.xpath: //input[@placeholder='description']
19:25:39.766  INFO  manager.MyListener - 'The element with locator -->By.xpath: //input[@placeholder='description'] <-- was found
19:25:39.858  INFO  manager.MyListener - 'Start find ' element -->By.xpath: //b[text()='Save']
19:25:39.876  INFO  manager.MyListener - 'The element with locator -->By.xpath: //b[text()='Save'] <-- was found
19:25:39.960  INFO  manager.MyListener - 'Start find ' element -->By.cssSelector: h2
19:25:40.099  INFO  manager.MyListener - 'The element with locator -->By.cssSelector: h2 <-- was found
19:25:40.163  INFO  manager.MyListener - 'Start find ' element -->By.cssSelector: h3
19:25:40.186  INFO  manager.MyListener - 'The element with locator -->By.cssSelector: h3 <-- was found
19:25:40.304  INFO  tests.TestBase - Start test--->addNewContactSuccessCSV
19:25:40.307  INFO  manager.MyListener - 'Start find ' element -->By.xpath: //button[text()='Sign Out']
19:25:40.313  INFO  manager.MyListener - 'The element with locator -->By.xpath: //button[text()='Sign Out'] <-- was found
19:25:40.314  INFO  manager.MyListener - 'Start find ' element -->By.cssSelector: a[href='/add']
19:25:40.320  INFO  manager.MyListener - 'The element with locator -->By.cssSelector: a[href='/add'] <-- was found
19:25:40.361  INFO  manager.MyListener - 'Start find ' element -->By.xpath: //input[@placeholder='Name']
19:25:40.384  INFO  manager.MyListener - 'The element with locator -->By.xpath: //input[@placeholder='Name'] <-- was found
19:25:40.496  INFO  manager.MyListener - 'Start find ' element -->By.xpath: //input[@placeholder='Last Name']
19:25:40.503  INFO  manager.MyListener - 'The element with locator -->By.xpath: //input[@placeholder='Last Name'] <-- was found
19:25:40.581  INFO  manager.MyListener - 'Start find ' element -->By.xpath: //input[@placeholder='Phone']
19:25:40.588  INFO  manager.MyListener - 'The element with locator -->By.xpath: //input[@placeholder='Phone'] <-- was found
19:25:40.674  INFO  manager.MyListener - 'Start find ' element -->By.xpath: //input[@placeholder='email']
19:25:40.681  INFO  manager.MyListener - 'The element with locator -->By.xpath: //input[@placeholder='email'] <-- was found
19:25:40.767  INFO  manager.MyListener - 'Start find ' element -->By.xpath: //input[@placeholder='Address']
19:25:40.774  INFO  manager.MyListener - 'The element with locator -->By.xpath: //input[@placeholder='Address'] <-- was found
19:25:40.863  INFO  manager.MyListener - 'Start find ' element -->By.xpath: //input[@placeholder='description']
19:25:40.871  INFO  manager.MyListener - 'The element with locator -->By.xpath: //input[@placeholder='description'] <-- was found
19:25:40.951  INFO  manager.MyListener - 'Start find ' element -->By.xpath: //b[text()='Save']
19:25:40.958  INFO  manager.MyListener - 'The element with locator -->By.xpath: //b[text()='Save'] <-- was found
19:25:41.020  INFO  manager.MyListener - 'Start find ' element -->By.cssSelector: h2
19:25:41.157  INFO  manager.MyListener - 'The element with locator -->By.cssSelector: h2 <-- was found
19:25:41.216  INFO  manager.MyListener - 'Start find ' element -->By.cssSelector: h3
19:25:41.224  INFO  manager.MyListener - 'The element with locator -->By.cssSelector: h3 <-- was found
19:25:41.358  INFO  tests.TestBase - Start test--->addNewContactSuccessCSV
19:25:41.358  INFO  manager.MyListener - 'Start find ' element -->By.xpath: //button[text()='Sign Out']
19:25:41.365  INFO  manager.MyListener - 'The element with locator -->By.xpath: //button[text()='Sign Out'] <-- was found
19:25:41.366  INFO  manager.MyListener - 'Start find ' element -->By.cssSelector: a[href='/add']
19:25:41.372  INFO  manager.MyListener - 'The element with locator -->By.cssSelector: a[href='/add'] <-- was found
19:25:41.416  INFO  manager.MyListener - 'Start find ' element -->By.xpath: //input[@placeholder='Name']
19:25:41.438  INFO  manager.MyListener - 'The element with locator -->By.xpath: //input[@placeholder='Name'] <-- was found
19:25:41.553  INFO  manager.MyListener - 'Start find ' element -->By.xpath: //input[@placeholder='Last Name']
19:25:41.561  INFO  manager.MyListener - 'The element with locator -->By.xpath: //input[@placeholder='Last Name'] <-- was found
19:25:41.641  INFO  manager.MyListener - 'Start find ' element -->By.xpath: //input[@placeholder='Phone']
19:25:41.648  INFO  manager.MyListener - 'The element with locator -->By.xpath: //input[@placeholder='Phone'] <-- was found
19:25:41.735  INFO  manager.MyListener - 'Start find ' element -->By.xpath: //input[@placeholder='email']
19:25:41.743  INFO  manager.MyListener - 'The element with locator -->By.xpath: //input[@placeholder='email'] <-- was found
19:25:41.830  INFO  manager.MyListener - 'Start find ' element -->By.xpath: //input[@placeholder='Address']
19:25:41.837  INFO  manager.MyListener - 'The element with locator -->By.xpath: //input[@placeholder='Address'] <-- was found
19:25:41.919  INFO  manager.MyListener - 'Start find ' element -->By.xpath: //input[@placeholder='description']
19:25:41.926  INFO  manager.MyListener - 'The element with locator -->By.xpath: //input[@placeholder='description'] <-- was found
19:25:42.008  INFO  manager.MyListener - 'Start find ' element -->By.xpath: //b[text()='Save']
19:25:42.015  INFO  manager.MyListener - 'The element with locator -->By.xpath: //b[text()='Save'] <-- was found
19:25:42.073  INFO  manager.MyListener - 'Start find ' element -->By.cssSelector: h2
19:25:42.181  INFO  manager.MyListener - 'The element with locator -->By.cssSelector: h2 <-- was found
19:25:42.257  INFO  manager.MyListener - 'Start find ' element -->By.cssSelector: h3
19:25:42.279  INFO  manager.MyListener - 'The element with locator -->By.cssSelector: h3 <-- was found
19:25:42.445  INFO  tests.TestBase - Start test--->addNewContactSuccessCSV
19:25:42.445  INFO  manager.MyListener - 'Start find ' element -->By.xpath: //button[text()='Sign Out']
19:25:42.452  INFO  manager.MyListener - 'The element with locator -->By.xpath: //button[text()='Sign Out'] <-- was found
19:25:42.452  INFO  manager.MyListener - 'Start find ' element -->By.cssSelector: a[href='/add']
19:25:42.459  INFO  manager.MyListener - 'The element with locator -->By.cssSelector: a[href='/add'] <-- was found
19:25:42.499  INFO  manager.MyListener - 'Start find ' element -->By.xpath: //input[@placeholder='Name']
19:25:42.541  INFO  manager.MyListener - 'The element with locator -->By.xpath: //input[@placeholder='Name'] <-- was found
19:25:42.722  INFO  manager.MyListener - 'Start find ' element -->By.xpath: //input[@placeholder='Last Name']
19:25:42.744  INFO  manager.MyListener - 'The element with locator -->By.xpath: //input[@placeholder='Last Name'] <-- was found
19:25:42.840  INFO  manager.MyListener - 'Start find ' element -->By.xpath: //input[@placeholder='Phone']
19:25:42.849  INFO  manager.MyListener - 'The element with locator -->By.xpath: //input[@placeholder='Phone'] <-- was found
19:25:42.934  INFO  manager.MyListener - 'Start find ' element -->By.xpath: //input[@placeholder='email']
19:25:42.940  INFO  manager.MyListener - 'The element with locator -->By.xpath: //input[@placeholder='email'] <-- was found
19:25:43.031  INFO  manager.MyListener - 'Start find ' element -->By.xpath: //input[@placeholder='Address']
19:25:43.039  INFO  manager.MyListener - 'The element with locator -->By.xpath: //input[@placeholder='Address'] <-- was found
19:25:43.124  INFO  manager.MyListener - 'Start find ' element -->By.xpath: //input[@placeholder='description']
19:25:43.132  INFO  manager.MyListener - 'The element with locator -->By.xpath: //input[@placeholder='description'] <-- was found
19:25:43.217  INFO  manager.MyListener - 'Start find ' element -->By.xpath: //b[text()='Save']
19:25:43.225  INFO  manager.MyListener - 'The element with locator -->By.xpath: //b[text()='Save'] <-- was found
19:25:43.255  INFO  manager.MyListener - 'Start find ' element -->By.cssSelector: h2
19:25:43.400  INFO  manager.MyListener - 'The element with locator -->By.cssSelector: h2 <-- was found
19:25:43.461  INFO  manager.MyListener - 'Start find ' element -->By.cssSelector: h3
19:25:43.469  INFO  manager.MyListener - 'The element with locator -->By.cssSelector: h3 <-- was found
19:25:43.631  INFO  tests.TestBase - Start test--->addNewContactSuccessCSV
19:25:43.632  INFO  manager.MyListener - 'Start find ' element -->By.xpath: //button[text()='Sign Out']
19:25:43.638  INFO  manager.MyListener - 'The element with locator -->By.xpath: //button[text()='Sign Out'] <-- was found
19:25:43.639  INFO  manager.MyListener - 'Start find ' element -->By.cssSelector: a[href='/add']
19:25:43.646  INFO  manager.MyListener - 'The element with locator -->By.cssSelector: a[href='/add'] <-- was found
19:25:43.667  INFO  manager.MyListener - 'Start find ' element -->By.xpath: //input[@placeholder='Name']
19:25:43.676  INFO  manager.MyListener - 'The element with locator -->By.xpath: //input[@placeholder='Name'] <-- was found
19:25:43.788  INFO  manager.MyListener - 'Start find ' element -->By.xpath: //input[@placeholder='Last Name']
19:25:43.796  INFO  manager.MyListener - 'The element with locator -->By.xpath: //input[@placeholder='Last Name'] <-- was found
19:25:43.875  INFO  manager.MyListener - 'Start find ' element -->By.xpath: //input[@placeholder='Phone']
19:25:43.882  INFO  manager.MyListener - 'The element with locator -->By.xpath: //input[@placeholder='Phone'] <-- was found
19:25:43.969  INFO  manager.MyListener - 'Start find ' element -->By.xpath: //input[@placeholder='email']
19:25:43.976  INFO  manager.MyListener - 'The element with locator -->By.xpath: //input[@placeholder='email'] <-- was found
19:25:44.066  INFO  manager.MyListener - 'Start find ' element -->By.xpath: //input[@placeholder='Address']
19:25:44.072  INFO  manager.MyListener - 'The element with locator -->By.xpath: //input[@placeholder='Address'] <-- was found
19:25:44.155  INFO  manager.MyListener - 'Start find ' element -->By.xpath: //input[@placeholder='description']
19:25:44.162  INFO  manager.MyListener - 'The element with locator -->By.xpath: //input[@placeholder='description'] <-- was found
19:25:44.246  INFO  manager.MyListener - 'Start find ' element -->By.xpath: //b[text()='Save']
19:25:44.280  INFO  manager.MyListener - 'The element with locator -->By.xpath: //b[text()='Save'] <-- was found
19:25:44.360  INFO  manager.MyListener - 'Start find ' element -->By.cssSelector: h2
19:25:44.490  INFO  manager.MyListener - 'The element with locator -->By.cssSelector: h2 <-- was found
19:25:44.541  INFO  manager.MyListener - 'Start find ' element -->By.cssSelector: h3
19:25:44.550  INFO  manager.MyListener - 'The element with locator -->By.cssSelector: h3 <-- was found
19:25:44.728  INFO  tests.TestBase - Start test--->addNewContactSuccessCSV
19:25:44.729  INFO  manager.MyListener - 'Start find ' element -->By.xpath: //button[text()='Sign Out']
19:25:44.736  INFO  manager.MyListener - 'The element with locator -->By.xpath: //button[text()='Sign Out'] <-- was found
19:25:44.736  INFO  manager.MyListener - 'Start find ' element -->By.cssSelector: a[href='/add']
19:25:44.743  INFO  manager.MyListener - 'The element with locator -->By.cssSelector: a[href='/add'] <-- was found
19:25:44.763  INFO  manager.MyListener - 'Start find ' element -->By.xpath: //input[@placeholder='Name']
19:25:44.779  INFO  manager.MyListener - 'The element with locator -->By.xpath: //input[@placeholder='Name'] <-- was found
19:25:44.895  INFO  manager.MyListener - 'Start find ' element -->By.xpath: //input[@placeholder='Last Name']
19:25:44.903  INFO  manager.MyListener - 'The element with locator -->By.xpath: //input[@placeholder='Last Name'] <-- was found
19:25:44.995  INFO  manager.MyListener - 'Start find ' element -->By.xpath: //input[@placeholder='Phone']
19:25:45.002  INFO  manager.MyListener - 'The element with locator -->By.xpath: //input[@placeholder='Phone'] <-- was found
19:25:45.094  INFO  manager.MyListener - 'Start find ' element -->By.xpath: //input[@placeholder='email']
19:25:45.103  INFO  manager.MyListener - 'The element with locator -->By.xpath: //input[@placeholder='email'] <-- was found
19:25:45.208  INFO  manager.MyListener - 'Start find ' element -->By.xpath: //input[@placeholder='Address']
19:25:45.226  INFO  manager.MyListener - 'The element with locator -->By.xpath: //input[@placeholder='Address'] <-- was found
19:25:45.335  INFO  manager.MyListener - 'Start find ' element -->By.xpath: //input[@placeholder='description']
19:25:45.342  INFO  manager.MyListener - 'The element with locator -->By.xpath: //input[@placeholder='description'] <-- was found
19:25:45.426  INFO  manager.MyListener - 'Start find ' element -->By.xpath: //b[text()='Save']
19:25:45.434  INFO  manager.MyListener - 'The element with locator -->By.xpath: //b[text()='Save'] <-- was found
19:25:45.497  INFO  manager.MyListener - 'Start find ' element -->By.cssSelector: h2
19:25:45.611  INFO  manager.MyListener - 'The element with locator -->By.cssSelector: h2 <-- was found
19:25:45.675  INFO  manager.MyListener - 'Start find ' element -->By.cssSelector: h3
19:25:45.683  INFO  manager.MyListener - 'The element with locator -->By.cssSelector: h3 <-- was found
19:25:45.876  INFO  tests.TestBase - Start test--->addNewContactSuccessCSV
19:25:45.876  INFO  manager.MyListener - 'Start find ' element -->By.xpath: //button[text()='Sign Out']
19:25:45.883  INFO  manager.MyListener - 'The element with locator -->By.xpath: //button[text()='Sign Out'] <-- was found
19:25:45.884  INFO  manager.MyListener - 'Start find ' element -->By.cssSelector: a[href='/add']
19:25:45.890  INFO  manager.MyListener - 'The element with locator -->By.cssSelector: a[href='/add'] <-- was found
19:25:45.911  INFO  manager.MyListener - 'Start find ' element -->By.xpath: //input[@placeholder='Name']
19:25:45.927  INFO  manager.MyListener - 'The element with locator -->By.xpath: //input[@placeholder='Name'] <-- was found
19:25:46.041  INFO  manager.MyListener - 'Start find ' element -->By.xpath: //input[@placeholder='Last Name']
19:25:46.048  INFO  manager.MyListener - 'The element with locator -->By.xpath: //input[@placeholder='Last Name'] <-- was found
19:25:46.131  INFO  manager.MyListener - 'Start find ' element -->By.xpath: //input[@placeholder='Phone']
19:25:46.138  INFO  manager.MyListener - 'The element with locator -->By.xpath: //input[@placeholder='Phone'] <-- was found
19:25:46.227  INFO  manager.MyListener - 'Start find ' element -->By.xpath: //input[@placeholder='email']
19:25:46.234  INFO  manager.MyListener - 'The element with locator -->By.xpath: //input[@placeholder='email'] <-- was found
19:25:46.326  INFO  manager.MyListener - 'Start find ' element -->By.xpath: //input[@placeholder='Address']
19:25:46.334  INFO  manager.MyListener - 'The element with locator -->By.xpath: //input[@placeholder='Address'] <-- was found
19:25:46.418  INFO  manager.MyListener - 'Start find ' element -->By.xpath: //input[@placeholder='description']
19:25:46.425  INFO  manager.MyListener - 'The element with locator -->By.xpath: //input[@placeholder='description'] <-- was found
19:25:46.507  INFO  manager.MyListener - 'Start find ' element -->By.xpath: //b[text()='Save']
19:25:46.515  INFO  manager.MyListener - 'The element with locator -->By.xpath: //b[text()='Save'] <-- was found
19:25:46.544  INFO  manager.MyListener - 'Start find ' element -->By.cssSelector: h2
19:25:46.691  INFO  manager.MyListener - 'The element with locator -->By.cssSelector: h2 <-- was found
19:25:46.743  INFO  manager.MyListener - 'Start find ' element -->By.cssSelector: h3
19:25:46.751  INFO  manager.MyListener - 'The element with locator -->By.cssSelector: h3 <-- was found
19:25:46.962  INFO  tests.TestBase - Start test--->addNewContactSuccessCSV
19:25:46.962  INFO  manager.MyListener - 'Start find ' element -->By.xpath: //button[text()='Sign Out']
19:25:46.969  INFO  manager.MyListener - 'The element with locator -->By.xpath: //button[text()='Sign Out'] <-- was found
19:25:46.969  INFO  manager.MyListener - 'Start find ' element -->By.cssSelector: a[href='/add']
19:25:46.976  INFO  manager.MyListener - 'The element with locator -->By.cssSelector: a[href='/add'] <-- was found
19:25:46.996  INFO  manager.MyListener - 'Start find ' element -->By.xpath: //input[@placeholder='Name']
19:25:47.003  INFO  manager.MyListener - 'The element with locator -->By.xpath: //input[@placeholder='Name'] <-- was found
19:25:47.117  INFO  manager.MyListener - 'Start find ' element -->By.xpath: //input[@placeholder='Last Name']
19:25:47.124  INFO  manager.MyListener - 'The element with locator -->By.xpath: //input[@placeholder='Last Name'] <-- was found
19:25:47.206  INFO  manager.MyListener - 'Start find ' element -->By.xpath: //input[@placeholder='Phone']
19:25:47.216  INFO  manager.MyListener - 'The element with locator -->By.xpath: //input[@placeholder='Phone'] <-- was found
19:25:47.304  INFO  manager.MyListener - 'Start find ' element -->By.xpath: //input[@placeholder='email']
19:25:47.311  INFO  manager.MyListener - 'The element with locator -->By.xpath: //input[@placeholder='email'] <-- was found
19:25:47.407  INFO  manager.MyListener - 'Start find ' element -->By.xpath: //input[@placeholder='Address']
19:25:47.415  INFO  manager.MyListener - 'The element with locator -->By.xpath: //input[@placeholder='Address'] <-- was found
19:25:47.508  INFO  manager.MyListener - 'Start find ' element -->By.xpath: //input[@placeholder='description']
19:25:47.516  INFO  manager.MyListener - 'The element with locator -->By.xpath: //input[@placeholder='description'] <-- was found
19:25:47.602  INFO  manager.MyListener - 'Start find ' element -->By.xpath: //b[text()='Save']
19:25:47.609  INFO  manager.MyListener - 'The element with locator -->By.xpath: //b[text()='Save'] <-- was found
19:25:47.640  INFO  manager.MyListener - 'Start find ' element -->By.cssSelector: h2
19:25:47.785  INFO  manager.MyListener - 'The element with locator -->By.cssSelector: h2 <-- was found
19:25:47.850  INFO  manager.MyListener - 'Start find ' element -->By.cssSelector: h3
19:25:47.859  INFO  manager.MyListener - 'The element with locator -->By.cssSelector: h3 <-- was found
19:25:48.089  INFO  tests.TestBase - Start test--->addNewContactSuccessCSV
19:25:48.089  INFO  manager.MyListener - 'Start find ' element -->By.xpath: //button[text()='Sign Out']
19:25:48.096  INFO  manager.MyListener - 'The element with locator -->By.xpath: //button[text()='Sign Out'] <-- was found
19:25:48.096  INFO  manager.MyListener - 'Start find ' element -->By.cssSelector: a[href='/add']
19:25:48.103  INFO  manager.MyListener - 'The element with locator -->By.cssSelector: a[href='/add'] <-- was found
19:25:48.123  INFO  manager.MyListener - 'Start find ' element -->By.xpath: //input[@placeholder='Name']
19:25:48.138  INFO  manager.MyListener - 'The element with locator -->By.xpath: //input[@placeholder='Name'] <-- was found
19:25:48.250  INFO  manager.MyListener - 'Start find ' element -->By.xpath: //input[@placeholder='Last Name']
19:25:48.258  INFO  manager.MyListener - 'The element with locator -->By.xpath: //input[@placeholder='Last Name'] <-- was found
19:25:48.341  INFO  manager.MyListener - 'Start find ' element -->By.xpath: //input[@placeholder='Phone']
19:25:48.348  INFO  manager.MyListener - 'The element with locator -->By.xpath: //input[@placeholder='Phone'] <-- was found
19:25:48.438  INFO  manager.MyListener - 'Start find ' element -->By.xpath: //input[@placeholder='email']
19:25:48.447  INFO  manager.MyListener - 'The element with locator -->By.xpath: //input[@placeholder='email'] <-- was found
19:25:48.539  INFO  manager.MyListener - 'Start find ' element -->By.xpath: //input[@placeholder='Address']
19:25:48.547  INFO  manager.MyListener - 'The element with locator -->By.xpath: //input[@placeholder='Address'] <-- was found
19:25:48.632  INFO  manager.MyListener - 'Start find ' element -->By.xpath: //input[@placeholder='description']
19:25:48.639  INFO  manager.MyListener - 'The element with locator -->By.xpath: //input[@placeholder='description'] <-- was found
19:25:48.724  INFO  manager.MyListener - 'Start find ' element -->By.xpath: //b[text()='Save']
19:25:48.731  INFO  manager.MyListener - 'The element with locator -->By.xpath: //b[text()='Save'] <-- was found
19:25:48.761  INFO  manager.MyListener - 'Start find ' element -->By.cssSelector: h2
19:25:48.906  INFO  manager.MyListener - 'The element with locator -->By.cssSelector: h2 <-- was found
19:25:48.959  INFO  manager.MyListener - 'Start find ' element -->By.cssSelector: h3
19:25:48.968  INFO  manager.MyListener - 'The element with locator -->By.cssSelector: h3 <-- was found
19:25:49.213  INFO  tests.TestBase - Start test--->addNewContactSuccessCSV
19:25:49.214  INFO  manager.MyListener - 'Start find ' element -->By.xpath: //button[text()='Sign Out']
19:25:49.221  INFO  manager.MyListener - 'The element with locator -->By.xpath: //button[text()='Sign Out'] <-- was found
19:25:49.222  INFO  manager.MyListener - 'Start find ' element -->By.cssSelector: a[href='/add']
19:25:49.229  INFO  manager.MyListener - 'The element with locator -->By.cssSelector: a[href='/add'] <-- was found
19:25:49.250  INFO  manager.MyListener - 'Start find ' element -->By.xpath: //input[@placeholder='Name']
19:25:49.257  INFO  manager.MyListener - 'The element with locator -->By.xpath: //input[@placeholder='Name'] <-- was found
19:25:49.373  INFO  manager.MyListener - 'Start find ' element -->By.xpath: //input[@placeholder='Last Name']
19:25:49.382  INFO  manager.MyListener - 'The element with locator -->By.xpath: //input[@placeholder='Last Name'] <-- was found
19:25:49.465  INFO  manager.MyListener - 'Start find ' element -->By.xpath: //input[@placeholder='Phone']
19:25:49.472  INFO  manager.MyListener - 'The element with locator -->By.xpath: //input[@placeholder='Phone'] <-- was found
19:25:49.560  INFO  manager.MyListener - 'Start find ' element -->By.xpath: //input[@placeholder='email']
19:25:49.569  INFO  manager.MyListener - 'The element with locator -->By.xpath: //input[@placeholder='email'] <-- was found
19:25:49.660  INFO  manager.MyListener - 'Start find ' element -->By.xpath: //input[@placeholder='Address']
19:25:49.668  INFO  manager.MyListener - 'The element with locator -->By.xpath: //input[@placeholder='Address'] <-- was found
19:25:49.758  INFO  manager.MyListener - 'Start find ' element -->By.xpath: //input[@placeholder='description']
19:25:49.766  INFO  manager.MyListener - 'The element with locator -->By.xpath: //input[@placeholder='description'] <-- was found
19:25:49.852  INFO  manager.MyListener - 'Start find ' element -->By.xpath: //b[text()='Save']
19:25:49.859  INFO  manager.MyListener - 'The element with locator -->By.xpath: //b[text()='Save'] <-- was found
19:25:49.889  INFO  manager.MyListener - 'Start find ' element -->By.cssSelector: h2
19:25:50.060  INFO  manager.MyListener - 'The element with locator -->By.cssSelector: h2 <-- was found
19:25:50.128  INFO  manager.MyListener - 'Start find ' element -->By.cssSelector: h3
19:25:50.137  INFO  manager.MyListener - 'The element with locator -->By.cssSelector: h3 <-- was found
19:25:50.405  INFO  tests.TestBase - Start test--->addNewContactSuccessCSV
19:25:50.405  INFO  manager.MyListener - 'Start find ' element -->By.xpath: //button[text()='Sign Out']
19:25:50.412  INFO  manager.MyListener - 'The element with locator -->By.xpath: //button[text()='Sign Out'] <-- was found
19:25:50.413  INFO  manager.MyListener - 'Start find ' element -->By.cssSelector: a[href='/add']
19:25:50.419  INFO  manager.MyListener - 'The element with locator -->By.cssSelector: a[href='/add'] <-- was found
19:25:50.439  INFO  manager.MyListener - 'Start find ' element -->By.xpath: //input[@placeholder='Name']
19:25:50.450  INFO  manager.MyListener - 'The element with locator -->By.xpath: //input[@placeholder='Name'] <-- was found
19:25:50.569  INFO  manager.MyListener - 'Start find ' element -->By.xpath: //input[@placeholder='Last Name']
19:25:50.575  INFO  manager.MyListener - 'The element with locator -->By.xpath: //input[@placeholder='Last Name'] <-- was found
19:25:50.656  INFO  manager.MyListener - 'Start find ' element -->By.xpath: //input[@placeholder='Phone']
19:25:50.663  INFO  manager.MyListener - 'The element with locator -->By.xpath: //input[@placeholder='Phone'] <-- was found
19:25:50.781  INFO  manager.MyListener - 'Start find ' element -->By.xpath: //input[@placeholder='email']
19:25:50.788  INFO  manager.MyListener - 'The element with locator -->By.xpath: //input[@placeholder='email'] <-- was found
19:25:50.881  INFO  manager.MyListener - 'Start find ' element -->By.xpath: //input[@placeholder='Address']
19:25:50.889  INFO  manager.MyListener - 'The element with locator -->By.xpath: //input[@placeholder='Address'] <-- was found
19:25:50.973  INFO  manager.MyListener - 'Start find ' element -->By.xpath: //input[@placeholder='description']
19:25:50.980  INFO  manager.MyListener - 'The element with locator -->By.xpath: //input[@placeholder='description'] <-- was found
19:25:51.070  INFO  manager.MyListener - 'Start find ' element -->By.xpath: //b[text()='Save']
19:25:51.080  INFO  manager.MyListener - 'The element with locator -->By.xpath: //b[text()='Save'] <-- was found
19:25:51.112  INFO  manager.MyListener - 'Start find ' element -->By.cssSelector: h2
19:25:51.257  INFO  manager.MyListener - 'The element with locator -->By.cssSelector: h2 <-- was found
19:25:51.317  INFO  manager.MyListener - 'Start find ' element -->By.cssSelector: h3
19:25:51.326  INFO  manager.MyListener - 'The element with locator -->By.cssSelector: h3 <-- was found
19:25:51.603  INFO  tests.TestBase - Start test--->addNewContactSuccessCSV
19:25:51.604  INFO  manager.MyListener - 'Start find ' element -->By.xpath: //button[text()='Sign Out']
19:25:51.610  INFO  manager.MyListener - 'The element with locator -->By.xpath: //button[text()='Sign Out'] <-- was found
19:25:51.629  INFO  manager.MyListener - 'Start find ' element -->By.cssSelector: a[href='/add']
19:25:51.637  INFO  manager.MyListener - 'The element with locator -->By.cssSelector: a[href='/add'] <-- was found
19:25:51.672  INFO  manager.MyListener - 'Start find ' element -->By.xpath: //input[@placeholder='Name']
19:25:51.678  INFO  manager.MyListener - 'The element with locator -->By.xpath: //input[@placeholder='Name'] <-- was found
19:25:51.795  INFO  manager.MyListener - 'Start find ' element -->By.xpath: //input[@placeholder='Last Name']
19:25:51.802  INFO  manager.MyListener - 'The element with locator -->By.xpath: //input[@placeholder='Last Name'] <-- was found
19:25:51.886  INFO  manager.MyListener - 'Start find ' element -->By.xpath: //input[@placeholder='Phone']
19:25:51.892  INFO  manager.MyListener - 'The element with locator -->By.xpath: //input[@placeholder='Phone'] <-- was found
19:25:51.978  INFO  manager.MyListener - 'Start find ' element -->By.xpath: //input[@placeholder='email']
19:25:51.985  INFO  manager.MyListener - 'The element with locator -->By.xpath: //input[@placeholder='email'] <-- was found
19:25:52.078  INFO  manager.MyListener - 'Start find ' element -->By.xpath: //input[@placeholder='Address']
19:25:52.085  INFO  manager.MyListener - 'The element with locator -->By.xpath: //input[@placeholder='Address'] <-- was found
19:25:52.175  INFO  manager.MyListener - 'Start find ' element -->By.xpath: //input[@placeholder='description']
19:25:52.182  INFO  manager.MyListener - 'The element with locator -->By.xpath: //input[@placeholder='description'] <-- was found
19:25:52.268  INFO  manager.MyListener - 'Start find ' element -->By.xpath: //b[text()='Save']
19:25:52.275  INFO  manager.MyListener - 'The element with locator -->By.xpath: //b[text()='Save'] <-- was found
19:25:52.305  INFO  manager.MyListener - 'Start find ' element -->By.cssSelector: h2
19:25:52.476  INFO  manager.MyListener - 'The element with locator -->By.cssSelector: h2 <-- was found
19:25:52.547  INFO  manager.MyListener - 'Start find ' element -->By.cssSelector: h3
19:25:52.557  INFO  manager.MyListener - 'The element with locator -->By.cssSelector: h3 <-- was found
19:25:52.857  INFO  tests.TestBase - Start test--->addNewContactSuccessCSV
19:25:52.857  INFO  manager.MyListener - 'Start find ' element -->By.xpath: //button[text()='Sign Out']
19:25:52.864  INFO  manager.MyListener - 'The element with locator -->By.xpath: //button[text()='Sign Out'] <-- was found
19:25:52.865  INFO  manager.MyListener - 'Start find ' element -->By.cssSelector: a[href='/add']
19:25:52.871  INFO  manager.MyListener - 'The element with locator -->By.cssSelector: a[href='/add'] <-- was found
19:25:52.893  INFO  manager.MyListener - 'Start find ' element -->By.xpath: //input[@placeholder='Name']
19:25:52.905  INFO  manager.MyListener - 'The element with locator -->By.xpath: //input[@placeholder='Name'] <-- was found
19:25:53.021  INFO  manager.MyListener - 'Start find ' element -->By.xpath: //input[@placeholder='Last Name']
19:25:53.028  INFO  manager.MyListener - 'The element with locator -->By.xpath: //input[@placeholder='Last Name'] <-- was found
19:25:53.110  INFO  manager.MyListener - 'Start find ' element -->By.xpath: //input[@placeholder='Phone']
19:25:53.117  INFO  manager.MyListener - 'The element with locator -->By.xpath: //input[@placeholder='Phone'] <-- was found
19:25:53.207  INFO  manager.MyListener - 'Start find ' element -->By.xpath: //input[@placeholder='email']
19:25:53.215  INFO  manager.MyListener - 'The element with locator -->By.xpath: //input[@placeholder='email'] <-- was found
19:25:53.308  INFO  manager.MyListener - 'Start find ' element -->By.xpath: //input[@placeholder='Address']
19:25:53.315  INFO  manager.MyListener - 'The element with locator -->By.xpath: //input[@placeholder='Address'] <-- was found
19:25:53.401  INFO  manager.MyListener - 'Start find ' element -->By.xpath: //input[@placeholder='description']
19:25:53.408  INFO  manager.MyListener - 'The element with locator -->By.xpath: //input[@placeholder='description'] <-- was found
19:25:53.494  INFO  manager.MyListener - 'Start find ' element -->By.xpath: //b[text()='Save']
19:25:53.502  INFO  manager.MyListener - 'The element with locator -->By.xpath: //b[text()='Save'] <-- was found
19:25:53.534  INFO  manager.MyListener - 'Start find ' element -->By.cssSelector: h2
19:25:53.707  INFO  manager.MyListener - 'The element with locator -->By.cssSelector: h2 <-- was found
19:25:53.764  INFO  manager.MyListener - 'Start find ' element -->By.cssSelector: h3
19:25:53.773  INFO  manager.MyListener - 'The element with locator -->By.cssSelector: h3 <-- was found
19:25:54.097  INFO  tests.TestBase - Start test--->addNewContactSuccessCSV
19:25:54.098  INFO  manager.MyListener - 'Start find ' element -->By.xpath: //button[text()='Sign Out']
19:25:54.104  INFO  manager.MyListener - 'The element with locator -->By.xpath: //button[text()='Sign Out'] <-- was found
19:25:54.105  INFO  manager.MyListener - 'Start find ' element -->By.cssSelector: a[href='/add']
19:25:54.111  INFO  manager.MyListener - 'The element with locator -->By.cssSelector: a[href='/add'] <-- was found
19:25:54.134  INFO  manager.MyListener - 'Start find ' element -->By.xpath: //input[@placeholder='Name']
19:25:54.142  INFO  manager.MyListener - 'The element with locator -->By.xpath: //input[@placeholder='Name'] <-- was found
19:25:54.256  INFO  manager.MyListener - 'Start find ' element -->By.xpath: //input[@placeholder='Last Name']
19:25:54.263  INFO  manager.MyListener - 'The element with locator -->By.xpath: //input[@placeholder='Last Name'] <-- was found
19:25:54.347  INFO  manager.MyListener - 'Start find ' element -->By.xpath: //input[@placeholder='Phone']
19:25:54.354  INFO  manager.MyListener - 'The element with locator -->By.xpath: //input[@placeholder='Phone'] <-- was found
19:25:54.449  INFO  manager.MyListener - 'Start find ' element -->By.xpath: //input[@placeholder='email']
19:25:54.457  INFO  manager.MyListener - 'The element with locator -->By.xpath: //input[@placeholder='email'] <-- was found
19:25:54.548  INFO  manager.MyListener - 'Start find ' element -->By.xpath: //input[@placeholder='Address']
19:25:54.555  INFO  manager.MyListener - 'The element with locator -->By.xpath: //input[@placeholder='Address'] <-- was found
19:25:54.645  INFO  manager.MyListener - 'Start find ' element -->By.xpath: //input[@placeholder='description']
19:25:54.652  INFO  manager.MyListener - 'The element with locator -->By.xpath: //input[@placeholder='description'] <-- was found
19:25:54.740  INFO  manager.MyListener - 'Start find ' element -->By.xpath: //b[text()='Save']
19:25:54.747  INFO  manager.MyListener - 'The element with locator -->By.xpath: //b[text()='Save'] <-- was found
19:25:54.778  INFO  manager.MyListener - 'Start find ' element -->By.cssSelector: h2
19:25:54.925  INFO  manager.MyListener - 'The element with locator -->By.cssSelector: h2 <-- was found
19:25:54.999  INFO  manager.MyListener - 'Start find ' element -->By.cssSelector: h3
19:25:55.009  INFO  manager.MyListener - 'The element with locator -->By.cssSelector: h3 <-- was found
]]></system-out>
  <system-err><![CDATA[]]></system-err>
</testsuite>
